[handleMsg]:  {
  key: {
    remoteJid: '51962196883@s.whatsapp.net',
    fromMe: false,
    id: '3EB02B653855C8391B5BAB',
    participant: undefined
  },
  messageTimestamp: 1739566508,
  pushName: 'Miller😊',
  broadcast: false,
  message: Message {
    extendedTextMessage: ExtendedTextMessage {
      text: 'hola',
      contextInfo: [ContextInfo],
      inviteLinkGroupTypeV2: 0
    },
    messageContextInfo: MessageContextInfo {
      deviceListMetadata: [DeviceListMetadata],
      deviceListMetadataVersion: 2,
      messageSecret: [Uint8Array]
    }
  },
  body: 'hola',
  from: '51962196883'
}
[QUEUE_SE_ENVIO]:  {
  ref: 'ans_8a8b9758-c406-4134-9cbd-a270147b9cad',
  keyword: 'key_a72813a2-b903-4757-84e5-991c5183311f',
  answer: 'Hola, soy Dayana tu asistente virtual. ¿En qué puedo ayudarte hoy? 🤖',
  options: {
    media: null,
    buttons: [],
    capture: false,
    child: null,
    delay: 0,
    idle: null,
    ref: null,
    nested: [],
    keyword: {},
    callback: false
  },
  refSerialize: 'a2f434eb62d54543e17056d3e506a8b9'
}
[QUEUE_SE_ENVIO]:  {
  ref: 'ans_97231308-c460-4378-b896-21b438a20e37',
  keyword: 'ans_8a8b9758-c406-4134-9cbd-a270147b9cad',
  answer: 'Por favor escribe el número de la opción que deseas:\n' +
    '1. 🛒 Comprar producto\n' +
    '2. 📦 Rastrear pedido',
  options: {
    media: null,
    buttons: [],
    capture: true,
    child: null,
    delay: 0,
    idle: 60000,
    ref: null,
    nested: [
      [Object], [Object],
      [Object], [Object],
      [Object], [Object],
      [Object]
    ],
    keyword: {},
    callback: true
  },
  refSerialize: 'e6dc575c63634f1f5be1dc28df64b109'
}
[handleMsg]:  {
  key: {
    remoteJid: '51962196883@s.whatsapp.net',
    fromMe: false,
    id: '3EB017068253250802104B',
    participant: undefined
  },
  messageTimestamp: 1739566633,
  pushName: 'Miller😊',
  broadcast: false,
  message: Message {
    extendedTextMessage: ExtendedTextMessage {
      text: '1',
      contextInfo: [ContextInfo],
      inviteLinkGroupTypeV2: 0
    },
    messageContextInfo: MessageContextInfo {
      deviceListMetadata: [DeviceListMetadata],
      deviceListMetadataVersion: 2,
      messageSecret: [Uint8Array]
    }
  },
  body: '1',
  from: '51962196883'
}
[handleMsg]:  {
  key: {
    remoteJid: '51962196883@s.whatsapp.net',
    fromMe: false,
    id: '3EB0AB480911E9079AA1AB',
    participant: undefined
  },
  messageTimestamp: 1739567319,
  pushName: 'Miller😊',
  broadcast: false,
  message: Message {
    extendedTextMessage: ExtendedTextMessage {
      text: '1',
      contextInfo: [ContextInfo],
      inviteLinkGroupTypeV2: 0
    },
    messageContextInfo: MessageContextInfo {
      deviceListMetadata: [DeviceListMetadata],
      deviceListMetadataVersion: 2,
      messageSecret: [Uint8Array]
    }
  },
  body: '1',
  from: '51962196883'
}
[QUEUE_SE_ENVIO]:  {
  ref: 'ans_10aa8e07-368f-4785-b441-0b3733e52e16',
  keyword: 'key_a448d910-c303-4506-b30e-2dd734cb41bc',
  answer: 'Recuerda que puedes comprar en nuestra tienda en línea. Es seguro y confiable. 🛒✨',
  options: {
    media: null,
    buttons: [],
    capture: false,
    child: null,
    delay: 0,
    idle: null,
    ref: null,
    nested: [],
    keyword: {},
    callback: false
  },
  refSerialize: 'dc2b7ebbb0cf23073568e4f085ac77d3'
}
[QUEUE_SE_ENVIO]:  {
  ref: 'ans_a4afcf33-4443-430d-a8bf-8a1d89bfecdd',
  keyword: 'ans_10aa8e07-368f-4785-b441-0b3733e52e16',
  answer: 'Para crear una cuenta en nuestra página web y recibir super promociones y descuentos, ingresa al siguiente enlace: 🎁👇',
  options: {
    media: null,
    buttons: [],
    capture: false,
    child: null,
    delay: 2000,
    idle: null,
    ref: null,
    nested: [],
    keyword: {},
    callback: false
  },
  refSerialize: 'b22038f7e05ecfc3e7bcf9d2bee7e817'
}
[QUEUE_SE_ENVIO]:  {
  ref: 'ans_ef714d78-1478-4b77-a170-a71e9c580688',
  keyword: 'ans_a4afcf33-4443-430d-a8bf-8a1d89bfecdd',
  answer: 'https://daytonaautopartes.com/crear-cuenta',
  options: {
    media: null,
    buttons: [],
    capture: false,
    child: null,
    delay: 2000,
    idle: null,
    ref: null,
    nested: [],
    keyword: {},
    callback: false
  },
  refSerialize: 'd8d87148716d60e36a4f86293ac581f6'
}
[QUEUE_SE_ENVIO]:  {
  ref: 'ans_67d858e7-c5ee-44a3-93ff-5ecfe07ccbe8',
  keyword: 'ans_ef714d78-1478-4b77-a170-a71e9c580688',
  answer: 'Si deseas seguir la atención por este medio escribe "si" 📝',
  options: {
    media: null,
    buttons: [],
    capture: true,
    child: null,
    delay: 0,
    idle: 60000,
    ref: null,
    nested: [],
    keyword: {},
    callback: true
  },
  refSerialize: 'a4ad7a2682484aa4297ed3d74e516e16'
}
