51962196883:ENCOLADO ans_432bdab1-fabe-438d-9917-cd12e7f4e240
EJECUTANDO:ans_432bdab1-fabe-438d-9917-cd12e7f4e240
51962196883:SUCCESS
51962196883:ENCOLADO ans_fa178395-0fad-4672-83a9-af664f8bae39
EJECUTANDO:ans_fa178395-0fad-4672-83a9-af664f8bae39
51962196883:SUCCESS
51962196883:ENCOLADO ans_708a2e76-a35e-405a-91f9-78843cfd889b
EJECUTANDO:ans_708a2e76-a35e-405a-91f9-78843cfd889b
51962196883:SUCCESS
51962196883:ENCOLADO ans_6bd29c6e-287d-4b3e-a77e-d49074fbdb3b
EJECUTANDO:ans_6bd29c6e-287d-4b3e-a77e-d49074fbdb3b
51962196883:SUCCESS
51962196883:ENCOLADO ans_432bdab1-fabe-438d-9917-cd12e7f4e240
EJECUTANDO:ans_432bdab1-fabe-438d-9917-cd12e7f4e240
51962196883:SUCCESS
51962196883:ENCOLADO ans_fa178395-0fad-4672-83a9-af664f8bae39
EJECUTANDO:ans_fa178395-0fad-4672-83a9-af664f8bae39
51962196883:SUCCESS
51962196883:ENCOLADO ans_708a2e76-a35e-405a-91f9-78843cfd889b
EJECUTANDO:ans_708a2e76-a35e-405a-91f9-78843cfd889b
51962196883:SUCCESS
51962196883:ENCOLADO ans_6bd29c6e-287d-4b3e-a77e-d49074fbdb3b
EJECUTANDO:ans_6bd29c6e-287d-4b3e-a77e-d49074fbdb3b
51962196883:SUCCESS
